<?xml version="1.0" encoding="UTF-8"?>
<testsuite xmlns:xsi="http://www.w3.org/2001/XMLSchema-instance" xsi:noNamespaceSchemaLocation="https://maven.apache.org/surefire/maven-surefire-plugin/xsd/surefire-test-report-3.0.xsd" version="3.0" name="com.example.SmsApplicationTests" time="3.665" tests="1" errors="0" skipped="0" failures="0">
  <properties>
[...]
</properties>
  <testcase name="contextLoads" classname="com.example.SmsApplicationTests" time="0.938">
    <system-out><![CDATA[Standard Commons Logging discovery in action with spring-jcl: please remove commons-logging.jar from classpath in order to avoid potential conflicts
12:57:38.287 [main] INFO org.springframework.test.context.support.AnnotationConfigContextLoaderUtils -- Could not detect default configuration classes for test class [com.example.SmsApplicationTests]: SmsApplicationTests does not declare any static, non-private, non-final, nested classes annotated with @Configuration.
12:57:38.431 [main] INFO org.springframework.boot.test.context.SpringBootTestContextBootstrapper -- Found @SpringBootConfiguration com.example.SmsApplication for test class com.example.SmsApplicationTests

  .   ____          _            __ _ _
 /\\ / ___'_ __ _ _(_)_ __  __ _ \ \ \ \
( ( )\___ | '_ | '_| | '_ \/ _` | \ \ \ \
 \\/  ___)| |_)| | | | | || (_| |  ) ) ) )
  '  |____| .__|_| |_|_| |_\__, | / / / /
 =========|_|==============|___/=/_/_/_/
 :: Spring Boot ::                (v3.2.4)

2024-04-18T12:57:39.021+05:30  INFO 27400 --- [           main] com.example.SmsApplicationTests          : Starting SmsApplicationTests using Java 17.0.10 with PID 27400 (started by jsaty in C:\Users\jsaty\Documents\workspace-spring\SMS)
2024-04-18T12:57:39.025+05:30  INFO 27400 --- [           main] com.example.SmsApplicationTests          : No active profile set, falling back to 1 default profile: "default"
WEb Socket Configure
stop end point config method
2024-04-18T12:57:40.737+05:30  INFO 27400 --- [           main] o.s.m.s.b.SimpleBrokerMessageHandler     : Starting...
2024-04-18T12:57:40.740+05:30  INFO 27400 --- [           main] o.s.m.s.b.SimpleBrokerMessageHandler     : BrokerAvailabilityEvent[available=true, SimpleBrokerMessageHandler [org.springframework.messaging.simp.broker.DefaultSubscriptionRegistry@33bb3f86]]
2024-04-18T12:57:40.742+05:30  INFO 27400 --- [           main] o.s.m.s.b.SimpleBrokerMessageHandler     : Started.
2024-04-18T12:57:40.749+05:30  INFO 27400 --- [           main] com.example.SmsApplicationTests          : Started SmsApplicationTests in 2.121 seconds (process running for 3.729)
]]></system-out>
  </testcase>
</testsuite>